<?xml version="1.0" encoding="UTF-8"?>
<testng-results skipped="0" failed="0" ignored="0" total="2" passed="2">
  <reporter-output>
  </reporter-output>
  <suite name="Suite" duration-ms="97054" started-at="2018-06-19T13:55:14Z" finished-at="2018-06-19T13:56:51Z">
    <groups>
    </groups>
    <test name="Test" duration-ms="97054" started-at="2018-06-19T13:55:14Z" finished-at="2018-06-19T13:56:51Z">
      <class name="com.eagercrow.automation.EagerCrow">
        <test-method status="PASS" signature="initializeDriver()[pri:0, instance:com.eagercrow.automation.EagerCrow@614ca7df]" name="initializeDriver" is-config="true" duration-ms="2620" started-at="2018-06-19T19:25:14Z" finished-at="2018-06-19T19:25:17Z">
          <reporter-output>
          </reporter-output>
        </test-method> <!-- initializeDriver -->
        <test-method status="PASS" signature="signIn(java.lang.String, java.lang.String)[pri:0, instance:com.eagercrow.automation.EagerCrow@614ca7df]" name="signIn" duration-ms="46084" started-at="2018-06-19T19:25:17Z" data-provider="signInUsers" finished-at="2018-06-19T19:26:03Z">
          <params>
            <param index="0">
              <value>
                <![CDATA[tumbare27@gmail.com]]>
              </value>
            </param>
            <param index="1">
              <value>
                <![CDATA[Vidyapeeth27!]]>
              </value>
            </param>
          </params>
          <reporter-output>
          </reporter-output>
        </test-method> <!-- signIn -->
        <test-method status="PASS" signature="closeDriver()[pri:0, instance:com.eagercrow.automation.EagerCrow@614ca7df]" name="closeDriver" is-config="true" duration-ms="75" started-at="2018-06-19T19:26:03Z" finished-at="2018-06-19T19:26:03Z">
          <reporter-output>
          </reporter-output>
        </test-method> <!-- closeDriver -->
        <test-method status="PASS" signature="initializeDriver()[pri:0, instance:com.eagercrow.automation.EagerCrow@614ca7df]" name="initializeDriver" is-config="true" duration-ms="2249" started-at="2018-06-19T19:26:03Z" finished-at="2018-06-19T19:26:05Z">
          <reporter-output>
          </reporter-output>
        </test-method> <!-- initializeDriver -->
        <test-method status="PASS" signature="signIn(java.lang.String, java.lang.String)[pri:0, instance:com.eagercrow.automation.EagerCrow@614ca7df]" name="signIn" duration-ms="45936" started-at="2018-06-19T19:26:05Z" data-provider="signInUsers" finished-at="2018-06-19T19:26:51Z">
          <params>
            <param index="0">
              <value>
                <![CDATA[eagercrowofficial@gmail.com]]>
              </value>
            </param>
            <param index="1">
              <value>
                <![CDATA[Password27!]]>
              </value>
            </param>
          </params>
          <reporter-output>
          </reporter-output>
        </test-method> <!-- signIn -->
        <test-method status="PASS" signature="closeDriver()[pri:0, instance:com.eagercrow.automation.EagerCrow@614ca7df]" name="closeDriver" is-config="true" duration-ms="66" started-at="2018-06-19T19:26:51Z" finished-at="2018-06-19T19:26:51Z">
          <reporter-output>
          </reporter-output>
        </test-method> <!-- closeDriver -->
      </class> <!-- com.eagercrow.automation.EagerCrow -->
    </test> <!-- Test -->
  </suite> <!-- Suite -->
</testng-results>
