<?xml version="1.0" encoding="UTF-8"?>
<testng-results skipped="0" failed="0" ignored="0" total="1" passed="1">
  <reporter-output>
  </reporter-output>
  <suite name="Default suite" duration-ms="7822" started-at="2018-06-09T10:04:02Z" finished-at="2018-06-09T10:04:10Z">
    <groups>
    </groups>
    <test name="Default test" duration-ms="7822" started-at="2018-06-09T10:04:02Z" finished-at="2018-06-09T10:04:10Z">
      <class name="com.eagercrow.automation.ImageUpload">
        <test-method status="PASS" signature="init()[pri:0, instance:com.eagercrow.automation.ImageUpload@42d80b78]" name="init" is-config="true" duration-ms="2695" started-at="2018-06-09T15:34:02Z" finished-at="2018-06-09T15:34:05Z">
          <reporter-output>
          </reporter-output>
        </test-method> <!-- init -->
        <test-method status="PASS" signature="login()[pri:0, instance:com.eagercrow.automation.ImageUpload@42d80b78]" name="login" duration-ms="5109" started-at="2018-06-09T15:34:05Z" finished-at="2018-06-09T15:34:10Z">
          <reporter-output>
          </reporter-output>
        </test-method> <!-- login -->
        <test-method status="PASS" signature="exit()[pri:0, instance:com.eagercrow.automation.ImageUpload@42d80b78]" name="exit" is-config="true" duration-ms="0" started-at="2018-06-09T15:34:10Z" finished-at="2018-06-09T15:34:10Z">
          <reporter-output>
          </reporter-output>
        </test-method> <!-- exit -->
      </class> <!-- com.eagercrow.automation.ImageUpload -->
    </test> <!-- Default test -->
  </suite> <!-- Default suite -->
</testng-results>
